Started GET "/" for 127.0.0.1 at 2018-02-09 20:42:05 +1100
  [1m[35m (2.2ms)[0m  [1m[34mSELECT "schema_migrations"."version" FROM "schema_migrations" ORDER BY "schema_migrations"."version" ASC[0m
Processing by GamesController#index as HTML
  Rendering games/index.html.erb within layouts/application
  Rendered games/index.html.erb within layouts/application (2.0ms)
Completed 200 OK in 2754ms (Views: 2752.6ms | ActiveRecord: 0.0ms)


Started GET "/" for 127.0.0.1 at 2018-02-09 20:42:17 +1100
Processing by GamesController#index as HTML
  Rendering games/index.html.erb within layouts/application
  Rendered games/index.html.erb within layouts/application (0.3ms)
Completed 200 OK in 50ms (Views: 48.3ms | ActiveRecord: 0.0ms)


Started GET "/" for 127.0.0.1 at 2018-02-09 20:43:44 +1100
Processing by GamesController#index as HTML
  Rendering games/index.html.erb within layouts/application
  Rendered games/index.html.erb within layouts/application (0.4ms)
Completed 200 OK in 628ms (Views: 625.7ms | ActiveRecord: 0.0ms)


Started GET "/" for 127.0.0.1 at 2018-02-09 20:44:05 +1100
Processing by GamesController#index as HTML
  Rendering games/index.html.erb within layouts/application
  Rendered games/index.html.erb within layouts/application (0.3ms)
Completed 200 OK in 740ms (Views: 737.4ms | ActiveRecord: 0.0ms)


Started GET "/" for 127.0.0.1 at 2018-02-09 20:44:17 +1100
Processing by GamesController#index as HTML
  Rendering games/index.html.erb within layouts/application
  Rendered games/index.html.erb within layouts/application (0.5ms)
Completed 200 OK in 49ms (Views: 46.8ms | ActiveRecord: 0.0ms)


Started GET "/" for 127.0.0.1 at 2018-02-09 20:45:01 +1100
Processing by GamesController#index as HTML
  Rendering games/index.html.erb within layouts/application
  Rendered games/index.html.erb within layouts/application (0.4ms)
Completed 200 OK in 28ms (Views: 26.9ms | ActiveRecord: 0.0ms)


Started GET "/" for 127.0.0.1 at 2018-02-09 20:45:10 +1100
Processing by GamesController#index as HTML
  Rendering games/index.html.erb within layouts/application
  Rendered games/index.html.erb within layouts/application (0.3ms)
Completed 200 OK in 33ms (Views: 30.8ms | ActiveRecord: 0.0ms)


Started GET "/" for 127.0.0.1 at 2018-02-09 20:45:50 +1100
Processing by GamesController#index as HTML
  Rendering games/index.html.erb within layouts/application
  Rendered games/index.html.erb within layouts/application (0.3ms)
Completed 200 OK in 793ms (Views: 788.9ms | ActiveRecord: 0.0ms)


